epoch,wall_clock,train_time,train_loss,train_acc,dev_loss,dev_acc,test_acc
0,13,12,450.2603,0.1757,272.6480,0.2319,0.2303
1,26,12,223.2801,0.2260,197.3466,0.2282,0.2270
2,39,12,160.5663,0.2312,165.6234,0.2392,0.2374
3,52,12,130.9174,0.2357,155.1634,0.2423,0.2415
4,65,12,113.0833,0.2413,149.0895,0.2525,0.2523
5,78,11,99.8904,0.2499,144.7831,0.2554,0.2607
6,91,12,89.2008,0.2542,141.2920,0.2573,0.2639
7,104,11,80.7689,0.2619,138.2720,0.2688,0.2724
8,117,12,73.6102,0.2669,137.1450,0.2736,0.2757
9,130,11,67.2040,0.2713,135.8727,0.2742,0.2730
10,143,11,62.1830,0.2725,135.4165,0.2793,0.2775
11,156,11,57.2611,0.2763,135.6359,0.2784,0.2775
12,169,11,53.1018,0.2786,134.9072,0.2776,0.2741
13,182,11,49.6672,0.2782,134.7644,0.2829,0.2803
14,194,11,46.4768,0.2823,134.2143,0.2850,0.2855
15,207,11,43.6420,0.2846,134.6932,0.2790,0.2794
16,220,11,40.9087,0.2843,135.3399,0.2872,0.2863
17,233,11,38.6563,0.2876,134.9285,0.2906,0.2870
18,246,11,36.5668,0.2888,135.4541,0.2889,0.2863
19,259,11,34.6051,0.2909,135.4436,0.2924,0.2876
20,272,11,32.8553,0.2930,136.0282,0.2848,0.2829
21,285,11,31.4186,0.2943,136.9687,0.2919,0.2889
22,298,11,29.8890,0.2975,137.2768,0.2919,0.2878
23,310,11,28.5444,0.2991,138.4987,0.2980,0.2909
24,323,11,27.2367,0.3022,139.3725,0.2981,0.2895
25,336,11,26.0793,0.3035,140.0958,0.2981,0.2938
26,349,11,25.0196,0.3039,140.8143,0.2965,0.2918
27,362,11,23.9349,0.3095,141.9500,0.3000,0.2916
28,375,11,23.0671,0.3128,142.4382,0.3000,0.2926
29,388,11,22.2365,0.3149,143.2438,0.3002,0.2931
30,401,11,21.3736,0.3174,144.1534,0.3026,0.2938
31,413,11,20.6378,0.3201,146.0828,0.3022,0.2977
32,426,11,19.9732,0.3254,145.1565,0.3070,0.2995
33,439,11,19.3704,0.3262,146.3060,0.3030,0.2935
34,452,11,18.5874,0.3324,148.2508,0.3048,0.2995
35,465,11,18.0675,0.3403,148.3241,0.3082,0.2977
36,478,11,17.5086,0.3420,148.3545,0.3094,0.3017
37,491,11,17.0129,0.3453,151.6456,0.3063,0.3008
38,504,11,16.5683,0.3501,149.9707,0.3074,0.2978
39,516,11,16.0631,0.3568,151.6450,0.3012,0.2938
40,529,11,15.6466,0.3618,152.7237,0.3144,0.3036
41,543,12,15.3005,0.3666,152.7166,0.3046,0.2998
42,556,12,14.9066,0.3731,155.5599,0.3102,0.3033
43,569,11,14.5800,0.3805,154.6749,0.2966,0.2930
44,581,11,14.2053,0.3861,156.6688,0.3110,0.3025
45,594,11,13.8788,0.3950,157.0126,0.2990,0.2977
46,607,11,13.6422,0.3980,156.0397,0.3142,0.3044
47,620,11,13.3596,0.4074,157.9123,0.3124,0.3048
48,633,11,13.0947,0.4159,161.5392,0.3094,0.3018
49,645,11,12.8540,0.4200,161.3777,0.2941,0.2941
50,658,11,12.6129,0.4299,162.5850,0.2940,0.2940
51,671,11,12.3874,0.4381,162.7854,0.3019,0.2981
52,684,11,12.2224,0.4421,164.6230,0.3035,0.2973
53,697,11,11.9969,0.4528,164.9680,0.3022,0.3005
54,709,11,11.8516,0.4611,167.9560,0.3087,0.3012
55,722,11,11.6675,0.4703,169.1207,0.3069,0.3007
56,735,11,11.5182,0.4783,170.2128,0.3064,0.2999
57,748,11,11.3576,0.4876,168.8327,0.3124,0.3043
58,761,11,11.2152,0.4993,170.8571,0.3030,0.2972
59,774,11,11.1187,0.5009,170.7425,0.3112,0.3040
60,787,12,10.9228,0.5195,177.8657,0.3105,0.2987
61,800,11,10.9232,0.5137,175.5213,0.2995,0.2930
62,813,11,10.7684,0.5259,175.3274,0.2976,0.2957
63,826,11,10.6399,0.5352,175.2854,0.3072,0.2994
64,839,11,10.5562,0.5442,175.0587,0.3069,0.3028
65,852,11,10.4578,0.5497,177.1860,0.3099,0.3031
66,864,11,10.3108,0.5633,182.2976,0.3102,0.3005
67,877,11,10.2492,0.5744,182.4948,0.3100,0.3023
68,890,11,10.1957,0.5756,181.9159,0.3092,0.3043
69,903,11,10.0913,0.5820,182.4676,0.2976,0.2943
70,916,11,10.0446,0.5906,185.7625,0.2960,0.2930
71,929,11,9.9802,0.5902,186.3725,0.3009,0.2974
72,941,11,9.8906,0.6040,183.4634,0.3070,0.3004
73,954,11,9.8325,0.6122,188.2297,0.2891,0.2881
74,967,11,9.8140,0.6142,189.0295,0.2976,0.2937
75,980,11,9.7129,0.6232,189.9717,0.2840,0.2864
76,993,11,9.6896,0.6306,190.1787,0.3074,0.2999
77,1006,11,9.6368,0.6310,191.8181,0.2957,0.2947
78,1019,11,9.5725,0.6408,193.5617,0.2918,0.2925
79,1031,11,9.4979,0.6492,195.1388,0.3019,0.2972
80,1044,11,9.4926,0.6524,194.3097,0.2961,0.2945
81,1057,11,9.4159,0.6623,195.3711,0.2845,0.2830
82,1070,11,9.4057,0.6662,197.5631,0.3020,0.2977
83,1083,11,9.3645,0.6690,199.6852,0.3044,0.2961
84,1096,11,9.3495,0.6702,198.6894,0.2950,0.2909
85,1108,11,9.3050,0.6760,200.0289,0.2968,0.2920
86,1121,11,9.2584,0.6850,199.7917,0.2840,0.2818
87,1134,11,9.2360,0.6848,202.5669,0.2952,0.2922
88,1147,11,9.2165,0.6916,202.1417,0.2979,0.2927
89,1160,11,9.1765,0.6946,205.6094,0.2932,0.2881
90,1173,11,9.1434,0.6999,204.5683,0.2972,0.2931
91,1185,11,9.1695,0.7014,206.4094,0.2897,0.2856
92,1198,11,9.1183,0.7031,206.7221,0.2928,0.2850
93,1211,11,9.1095,0.7096,206.5775,0.2857,0.2820
94,1224,11,9.0761,0.7123,210.9668,0.2860,0.2778
95,1237,11,9.0377,0.7160,210.5926,0.2918,0.2860
96,1250,11,9.0360,0.7159,210.4240,0.2870,0.2815
97,1262,11,9.0070,0.7214,210.0621,0.2981,0.2961
98,1275,11,8.9949,0.7217,213.8650,0.2848,0.2784
99,1288,11,8.9813,0.7247,213.3934,0.2810,0.2758
