epoch,wall_clock,train_time,train_loss,train_acc,dev_loss,dev_acc,test_acc
0,41,37,0.0194,0.1992,0.0778,0.2331,0.2292
1,81,37,0.0163,0.2568,0.0707,0.2790,0.2721
2,122,37,0.0149,0.2817,0.0676,0.2911,0.2881
3,162,37,0.0141,0.2927,0.0663,0.3022,0.2976
4,203,36,0.0135,0.3009,0.0658,0.3040,0.3049
5,243,36,0.0131,0.3063,0.0654,0.3044,0.3035
6,284,36,0.0127,0.3133,0.0644,0.3173,0.3158
7,324,36,0.0123,0.3212,0.0647,0.3122,0.3075
8,364,36,0.0120,0.3256,0.0640,0.3249,0.3221
9,405,36,0.0116,0.3368,0.0638,0.3283,0.3235
10,445,36,0.0112,0.3417,0.0636,0.3273,0.3215
11,486,36,0.0110,0.3498,0.0632,0.3382,0.3364
12,526,36,0.0107,0.3652,0.0631,0.3471,0.3425
13,566,36,0.0103,0.3750,0.0631,0.3504,0.3467
14,607,36,0.0101,0.3816,0.0629,0.3465,0.3473
15,647,36,0.0098,0.3870,0.0627,0.3505,0.3473
16,687,36,0.0096,0.3933,0.0630,0.3537,0.3491
17,728,36,0.0094,0.3990,0.0629,0.3577,0.3493
18,768,36,0.0092,0.4054,0.0630,0.3558,0.3487
19,808,36,0.0090,0.4105,0.0630,0.3526,0.3445
20,849,36,0.0088,0.4154,0.0630,0.3560,0.3507
21,889,36,0.0087,0.4218,0.0632,0.3540,0.3500
22,930,36,0.0084,0.4288,0.0634,0.3537,0.3441
23,970,36,0.0082,0.4334,0.0635,0.3579,0.3519
24,1010,36,0.0081,0.4382,0.0635,0.3587,0.3462
25,1051,36,0.0080,0.4451,0.0637,0.3582,0.3500
26,1091,36,0.0078,0.4524,0.0638,0.3555,0.3479
27,1131,36,0.0077,0.4579,0.0641,0.3569,0.3441
28,1172,36,0.0075,0.4651,0.0642,0.3589,0.3493
29,1212,36,0.0073,0.4712,0.0647,0.3547,0.3481
30,1252,36,0.0072,0.4763,0.0647,0.3510,0.3392
31,1293,36,0.0070,0.4843,0.0649,0.3560,0.3447
32,1333,36,0.0069,0.4907,0.0653,0.3552,0.3440
33,1374,36,0.0068,0.4968,0.0655,0.3539,0.3406
34,1414,36,0.0066,0.5042,0.0659,0.3523,0.3404
35,1454,36,0.0065,0.5106,0.0661,0.3518,0.3417
36,1495,36,0.0064,0.5161,0.0664,0.3519,0.3391
37,1535,36,0.0063,0.5245,0.0666,0.3516,0.3380
38,1575,36,0.0061,0.5309,0.0669,0.3513,0.3396
39,1616,36,0.0060,0.5362,0.0672,0.3475,0.3368
40,1656,36,0.0059,0.5442,0.0675,0.3501,0.3386
41,1696,36,0.0058,0.5504,0.0675,0.3487,0.3359
42,1737,36,0.0056,0.5590,0.0680,0.3461,0.3333
43,1777,36,0.0055,0.5648,0.0682,0.3472,0.3329
44,1818,36,0.0054,0.5709,0.0686,0.3457,0.3347
45,1858,36,0.0053,0.5771,0.0689,0.3477,0.3358
46,1898,36,0.0052,0.5848,0.0692,0.3445,0.3302
47,1939,36,0.0051,0.5929,0.0692,0.3441,0.3298
48,1979,36,0.0050,0.5985,0.0697,0.3410,0.3302
49,2019,36,0.0049,0.6065,0.0700,0.3411,0.3283
50,2060,36,0.0048,0.6135,0.0705,0.3379,0.3271
51,2100,36,0.0047,0.6202,0.0709,0.3428,0.3289
52,2141,36,0.0046,0.6234,0.0710,0.3405,0.3236
53,2181,36,0.0045,0.6331,0.0713,0.3318,0.3227
54,2221,36,0.0044,0.6390,0.0720,0.3384,0.3270
55,2262,36,0.0043,0.6450,0.0721,0.3377,0.3241
56,2302,36,0.0042,0.6513,0.0725,0.3359,0.3185
57,2342,36,0.0041,0.6611,0.0730,0.3309,0.3222
58,2383,37,0.0040,0.6649,0.0734,0.3357,0.3226
59,2423,36,0.0039,0.6723,0.0738,0.3342,0.3211
60,2464,36,0.0039,0.6772,0.0741,0.3373,0.3198
61,2504,36,0.0038,0.6834,0.0743,0.3363,0.3240
62,2544,36,0.0037,0.6909,0.0748,0.3328,0.3155
63,2585,36,0.0036,0.6985,0.0753,0.3319,0.3178
64,2625,36,0.0036,0.7024,0.0757,0.3330,0.3179
65,2665,36,0.0034,0.7096,0.0762,0.3305,0.3162
66,2706,36,0.0034,0.7171,0.0763,0.3283,0.3153
67,2746,36,0.0033,0.7206,0.0766,0.3276,0.3152
68,2786,36,0.0032,0.7267,0.0771,0.3259,0.3133
69,2827,36,0.0032,0.7341,0.0777,0.3265,0.3143
70,2867,36,0.0031,0.7408,0.0780,0.3285,0.3138
71,2907,36,0.0030,0.7455,0.0786,0.3261,0.3137
72,2948,36,0.0030,0.7510,0.0788,0.3216,0.3132
73,2988,36,0.0029,0.7574,0.0792,0.3240,0.3126
74,3028,36,0.0028,0.7638,0.0796,0.3177,0.3102
75,3069,36,0.0027,0.7693,0.0801,0.3236,0.3090
76,3109,36,0.0027,0.7719,0.0804,0.3250,0.3106
77,3149,36,0.0026,0.7777,0.0811,0.3231,0.3095
78,3189,36,0.0026,0.7834,0.0813,0.3226,0.3102
79,3230,36,0.0025,0.7903,0.0815,0.3200,0.3082
80,3270,36,0.0024,0.7959,0.0821,0.3157,0.3082
81,3310,36,0.0024,0.8004,0.0825,0.3210,0.3091
82,3351,36,0.0023,0.8055,0.0829,0.3163,0.3085
83,3391,36,0.0023,0.8103,0.0831,0.3205,0.3095
84,3431,36,0.0022,0.8149,0.0837,0.3186,0.3090
85,3471,36,0.0022,0.8205,0.0839,0.3171,0.3059
86,3512,36,0.0021,0.8241,0.0840,0.3171,0.3045
87,3552,36,0.0021,0.8287,0.0847,0.3198,0.3050
88,3592,36,0.0020,0.8331,0.0848,0.3154,0.3026
89,3633,36,0.0020,0.8375,0.0855,0.3161,0.3051
90,3673,36,0.0019,0.8437,0.0859,0.3139,0.3043
91,3713,36,0.0019,0.8477,0.0861,0.3133,0.3054
92,3754,36,0.0018,0.8522,0.0866,0.3131,0.3045
93,3794,36,0.0018,0.8554,0.0870,0.3148,0.3038
94,3834,36,0.0017,0.8587,0.0874,0.3146,0.3014
95,3874,36,0.0018,0.8640,0.0879,0.3110,0.3014
96,3915,36,0.0017,0.8675,0.0883,0.3134,0.3015
97,3955,36,0.0016,0.8705,0.0883,0.3124,0.3012
98,3995,36,0.0016,0.8754,0.0891,0.3141,0.3010
99,4036,36,0.0016,0.8796,0.0892,0.3126,0.3003
